0 info it worked if it ends with ok
1 verbose cli [ '/Users/DtotheFP/.nvm/v0.10.36/bin/node',
1 verbose cli   '/Users/DtotheFP/.nvm/v0.10.36/bin/npm',
1 verbose cli   'i',
1 verbose cli   '-D',
1 verbose cli   'jquery',
1 verbose cli   'jquery-cookie' ]
2 info using npm@1.4.28
3 info using node@v0.10.36
4 warn package.json webpack-provide@1.0.0 No description
5 warn package.json webpack-provide@1.0.0 No repository field.
6 warn package.json webpack-provide@1.0.0 No README data
7 verbose readDependencies using package.json deps
8 verbose cache add [ 'jquery', null ]
9 verbose cache add name=undefined spec="jquery" args=["jquery",null]
10 verbose parsed url { protocol: null,
10 verbose parsed url   slashes: null,
10 verbose parsed url   auth: null,
10 verbose parsed url   host: null,
10 verbose parsed url   port: null,
10 verbose parsed url   hostname: null,
10 verbose parsed url   hash: null,
10 verbose parsed url   search: null,
10 verbose parsed url   query: null,
10 verbose parsed url   pathname: 'jquery',
10 verbose parsed url   path: 'jquery',
10 verbose parsed url   href: 'jquery' }
11 verbose cache add [ 'jquery-cookie', null ]
12 verbose cache add name=undefined spec="jquery-cookie" args=["jquery-cookie",null]
13 verbose parsed url { protocol: null,
13 verbose parsed url   slashes: null,
13 verbose parsed url   auth: null,
13 verbose parsed url   host: null,
13 verbose parsed url   port: null,
13 verbose parsed url   hostname: null,
13 verbose parsed url   hash: null,
13 verbose parsed url   search: null,
13 verbose parsed url   query: null,
13 verbose parsed url   pathname: 'jquery-cookie',
13 verbose parsed url   path: 'jquery-cookie',
13 verbose parsed url   href: 'jquery-cookie' }
14 silly lockFile 6f2ab963-jquery jquery
15 verbose lock jquery /Users/DtotheFP/.npm/6f2ab963-jquery.lock
16 silly lockFile f94c1fc7-jquery-cookie jquery-cookie
17 verbose lock jquery-cookie /Users/DtotheFP/.npm/f94c1fc7-jquery-cookie.lock
18 silly lockFile 6f2ab963-jquery jquery
19 silly lockFile 6f2ab963-jquery jquery
20 silly lockFile f94c1fc7-jquery-cookie jquery-cookie
21 silly lockFile f94c1fc7-jquery-cookie jquery-cookie
22 verbose addNamed [ 'jquery', '' ]
23 verbose addNamed [ null, '*' ]
24 silly lockFile 039e748d-jquery jquery@
25 verbose lock jquery@ /Users/DtotheFP/.npm/039e748d-jquery.lock
26 verbose addNamed [ 'jquery-cookie', '' ]
27 verbose addNamed [ null, '*' ]
28 silly lockFile e84b6507-jquery-cookie jquery-cookie@
29 verbose lock jquery-cookie@ /Users/DtotheFP/.npm/e84b6507-jquery-cookie.lock
30 silly addNameRange { name: 'jquery', range: '*', hasData: false }
31 verbose request where is /jquery
32 verbose request registry https://registry.npmjs.org/
33 verbose request id ccd25a393c5971ee
34 verbose url raw /jquery
35 verbose url resolving [ 'https://registry.npmjs.org/', './jquery' ]
36 verbose url resolved https://registry.npmjs.org/jquery
37 verbose request where is https://registry.npmjs.org/jquery
38 info trying registry request attempt 1 at 22:10:23
39 http GET https://registry.npmjs.org/jquery
40 silly addNameRange { name: 'jquery-cookie', range: '*', hasData: false }
41 verbose request where is /jquery-cookie
42 verbose request registry https://registry.npmjs.org/
43 verbose url raw /jquery-cookie
44 verbose url resolving [ 'https://registry.npmjs.org/', './jquery-cookie' ]
45 verbose url resolved https://registry.npmjs.org/jquery-cookie
46 verbose request where is https://registry.npmjs.org/jquery-cookie
47 info trying registry request attempt 1 at 22:10:23
48 http GET https://registry.npmjs.org/jquery-cookie
49 http 404 https://registry.npmjs.org/jquery-cookie
50 verbose headers { server: 'CouchDB/1.5.0 (Erlang OTP/R16B03)',
50 verbose headers   'content-type': 'application/json',
50 verbose headers   'cache-control': 'max-age=0',
50 verbose headers   'content-length': '51',
50 verbose headers   'accept-ranges': 'bytes',
50 verbose headers   date: 'Tue, 02 Jun 2015 02:10:23 GMT',
50 verbose headers   via: '1.1 varnish',
50 verbose headers   age: '0',
50 verbose headers   connection: 'keep-alive',
50 verbose headers   'x-served-by': 'cache-jfk1025-JFK',
50 verbose headers   'x-cache': 'MISS',
50 verbose headers   'x-cache-hits': '0',
50 verbose headers   'x-timer': 'S1433211023.456739,VS0,VE92' }
51 silly registry.get cb [ 404,
51 silly registry.get   { server: 'CouchDB/1.5.0 (Erlang OTP/R16B03)',
51 silly registry.get     'content-type': 'application/json',
51 silly registry.get     'cache-control': 'max-age=0',
51 silly registry.get     'content-length': '51',
51 silly registry.get     'accept-ranges': 'bytes',
51 silly registry.get     date: 'Tue, 02 Jun 2015 02:10:23 GMT',
51 silly registry.get     via: '1.1 varnish',
51 silly registry.get     age: '0',
51 silly registry.get     connection: 'keep-alive',
51 silly registry.get     'x-served-by': 'cache-jfk1025-JFK',
51 silly registry.get     'x-cache': 'MISS',
51 silly registry.get     'x-cache-hits': '0',
51 silly registry.get     'x-timer': 'S1433211023.456739,VS0,VE92' } ]
52 silly lockFile e84b6507-jquery-cookie jquery-cookie@
53 silly lockFile e84b6507-jquery-cookie jquery-cookie@
54 http 200 https://registry.npmjs.org/jquery
55 silly registry.get cb [ 200,
55 silly registry.get   { server: 'CouchDB/1.5.0 (Erlang OTP/R16B03)',
55 silly registry.get     etag: '"50949RHS07EZQORIUGKGTK4OG"',
55 silly registry.get     'content-type': 'application/json',
55 silly registry.get     'cache-control': 'max-age=60',
55 silly registry.get     'content-length': '55233',
55 silly registry.get     'accept-ranges': 'bytes',
55 silly registry.get     date: 'Tue, 02 Jun 2015 02:10:23 GMT',
55 silly registry.get     via: '1.1 varnish',
55 silly registry.get     age: '0',
55 silly registry.get     connection: 'keep-alive',
55 silly registry.get     'x-served-by': 'cache-jfk1027-JFK',
55 silly registry.get     'x-cache': 'HIT',
55 silly registry.get     'x-cache-hits': '1',
55 silly registry.get     'x-timer': 'S1433211023.455517,VS0,VE78',
55 silly registry.get     vary: 'Accept' } ]
56 silly addNameRange number 2 { name: 'jquery', range: '*', hasData: true }
57 silly addNameRange versions [ 'jquery',
57 silly addNameRange   [ '1.5.1',
57 silly addNameRange     '1.6.2',
57 silly addNameRange     '1.6.3',
57 silly addNameRange     '1.7.2',
57 silly addNameRange     '1.7.3',
57 silly addNameRange     '1.8.2',
57 silly addNameRange     '1.8.3',
57 silly addNameRange     '2.1.0-beta2',
57 silly addNameRange     '2.1.0-beta3',
57 silly addNameRange     '1.11.0-beta3',
57 silly addNameRange     '1.11.0-rc1',
57 silly addNameRange     '2.1.0-rc1',
57 silly addNameRange     '1.11.0',
57 silly addNameRange     '2.1.0',
57 silly addNameRange     '2.1.1-beta1',
57 silly addNameRange     '1.11.1-beta1',
57 silly addNameRange     '2.1.1-rc1',
57 silly addNameRange     '1.11.1-rc1',
57 silly addNameRange     '2.1.1-rc2',
57 silly addNameRange     '1.11.1-rc2',
57 silly addNameRange     '2.1.1',
57 silly addNameRange     '1.11.1',
57 silly addNameRange     '1.9.1',
57 silly addNameRange     '2.1.2',
57 silly addNameRange     '1.11.2',
57 silly addNameRange     '2.1.3',
57 silly addNameRange     '2.1.4',
57 silly addNameRange     '1.11.3' ] ]
58 verbose addNamed [ 'jquery', '2.1.4' ]
59 verbose addNamed [ '2.1.4', '2.1.4' ]
60 silly lockFile f774660c-jquery-2-1-4 jquery@2.1.4
61 verbose lock jquery@2.1.4 /Users/DtotheFP/.npm/f774660c-jquery-2-1-4.lock
62 silly lockFile f1112f77-pmjs-org-jquery-jquery-2-1-4-tgz https://registry.npmjs.org/jquery/-/jquery-2.1.4.tgz
63 verbose lock https://registry.npmjs.org/jquery/-/jquery-2.1.4.tgz /Users/DtotheFP/.npm/f1112f77-pmjs-org-jquery-jquery-2-1-4-tgz.lock
64 verbose addRemoteTarball [ 'https://registry.npmjs.org/jquery/-/jquery-2.1.4.tgz',
64 verbose addRemoteTarball   '228bde698a0c61431dc2630a6a154f15890d2317' ]
65 info retry fetch attempt 1 at 22:10:24
66 verbose fetch to= /var/folders/hf/zbc4xpyj5rb9zqbtnmrblhsw0000gn/T/npm-13064-EoocQxYu/registry.npmjs.org/jquery/-/jquery-2.1.4.tgz
67 http GET https://registry.npmjs.org/jquery/-/jquery-2.1.4.tgz
68 http 200 https://registry.npmjs.org/jquery/-/jquery-2.1.4.tgz
69 silly lockFile f1112f77-pmjs-org-jquery-jquery-2-1-4-tgz https://registry.npmjs.org/jquery/-/jquery-2.1.4.tgz
70 silly lockFile f1112f77-pmjs-org-jquery-jquery-2-1-4-tgz https://registry.npmjs.org/jquery/-/jquery-2.1.4.tgz
71 silly lockFile f774660c-jquery-2-1-4 jquery@2.1.4
72 silly lockFile f774660c-jquery-2-1-4 jquery@2.1.4
73 silly lockFile 039e748d-jquery jquery@
74 silly lockFile 039e748d-jquery jquery@
75 error 404 404 Not Found: jquery-cookie
75 error 404
75 error 404 'jquery-cookie' is not in the npm registry.
75 error 404 You should bug the author to publish it
75 error 404 It was specified as a dependency of 'webpack-provide'
75 error 404
75 error 404 Note that you can also install from a
75 error 404 tarball, folder, or http url, or git url.
76 error System Darwin 14.3.0
77 error command "/Users/DtotheFP/.nvm/v0.10.36/bin/node" "/Users/DtotheFP/.nvm/v0.10.36/bin/npm" "i" "-D" "jquery" "jquery-cookie"
78 error cwd /Users/DtotheFP/dev/webpack-provide
79 error node -v v0.10.36
80 error npm -v 1.4.28
81 error code E404
82 verbose exit [ 1, true ]
